<?xml version="1.0" encoding="UTF-8"?>
<testsuite name="com.youknow.book.springboot.web.PostsApiControllerTest" tests="1" skipped="0" failures="0" errors="0" timestamp="2020-05-24T13:28:24" hostname="DESKTOP-563957V" time="0.565">
  <properties/>
  <testcase name="Posts_수정된다" classname="com.youknow.book.springboot.web.PostsApiControllerTest" time="0.565"/>
  <system-out><![CDATA[22:28:15.406 [Test worker] DEBUG org.springframework.test.context.junit4.SpringJUnit4ClassRunner - SpringJUnit4ClassRunner constructor called with [class com.youknow.book.springboot.web.PostsApiControllerTest]
22:28:15.414 [Test worker] DEBUG org.springframework.test.context.BootstrapUtils - Instantiating CacheAwareContextLoaderDelegate from class [org.springframework.test.context.cache.DefaultCacheAwareContextLoaderDelegate]
22:28:15.427 [Test worker] DEBUG org.springframework.test.context.BootstrapUtils - Instantiating BootstrapContext using constructor [public org.springframework.test.context.support.DefaultBootstrapContext(java.lang.Class,org.springframework.test.context.CacheAwareContextLoaderDelegate)]
22:28:15.447 [Test worker] DEBUG org.springframework.test.context.BootstrapUtils - Instantiating TestContextBootstrapper for test class [com.youknow.book.springboot.web.PostsApiControllerTest] from class [org.springframework.boot.test.context.SpringBootTestContextBootstrapper]
22:28:15.460 [Test worker] INFO org.springframework.boot.test.context.SpringBootTestContextBootstrapper - Neither @ContextConfiguration nor @ContextHierarchy found for test class [com.youknow.book.springboot.web.PostsApiControllerTest], using SpringBootContextLoader
22:28:15.464 [Test worker] DEBUG org.springframework.test.context.support.AbstractContextLoader - Did not detect default resource location for test class [com.youknow.book.springboot.web.PostsApiControllerTest]: class path resource [com/youknow/book/springboot/web/PostsApiControllerTest-context.xml] does not exist
22:28:15.465 [Test worker] DEBUG org.springframework.test.context.support.AbstractContextLoader - Did not detect default resource location for test class [com.youknow.book.springboot.web.PostsApiControllerTest]: class path resource [com/youknow/book/springboot/web/PostsApiControllerTestContext.groovy] does not exist
22:28:15.465 [Test worker] INFO org.springframework.test.context.support.AbstractContextLoader - Could not detect default resource locations for test class [com.youknow.book.springboot.web.PostsApiControllerTest]: no resource found for suffixes {-context.xml, Context.groovy}.
22:28:15.466 [Test worker] INFO org.springframework.test.context.support.AnnotationConfigContextLoaderUtils - Could not detect default configuration classes for test class [com.youknow.book.springboot.web.PostsApiControllerTest]: PostsApiControllerTest does not declare any static, non-private, non-final, nested classes annotated with @Configuration.
22:28:15.521 [Test worker] DEBUG org.springframework.test.context.support.ActiveProfilesUtils - Could not find an 'annotation declaring class' for annotation type [org.springframework.test.context.ActiveProfiles] and class [com.youknow.book.springboot.web.PostsApiControllerTest]
22:28:15.638 [Test worker] DEBUG org.springframework.context.annotation.ClassPathScanningCandidateComponentProvider - Identified candidate component class: file [C:\Users\dbflw\IdeaProjects\freelec-springboot2-webservice\build\classes\java\main\com\youknow\book\springboot\Application.class]
22:28:15.640 [Test worker] INFO org.springframework.boot.test.context.SpringBootTestContextBootstrapper - Found @SpringBootConfiguration com.youknow.book.springboot.Application for test class com.youknow.book.springboot.web.PostsApiControllerTest
22:28:15.774 [Test worker] DEBUG org.springframework.boot.test.context.SpringBootTestContextBootstrapper - @TestExecutionListeners is not present for class [com.youknow.book.springboot.web.PostsApiControllerTest]: using defaults.
22:28:15.775 [Test worker] INFO org.springframework.boot.test.context.SpringBootTestContextBootstrapper - Loaded default TestExecutionListener class names from location [META-INF/spring.factories]: [org.springframework.security.test.context.support.WithSecurityContextTestExecutionListener, org.springframework.security.test.context.support.ReactorContextTestExecutionListener, org.springframework.boot.test.autoconfigure.restdocs.RestDocsTestExecutionListener, org.springframework.boot.test.autoconfigure.web.client.MockRestServiceServerResetTestExecutionListener, org.springframework.boot.test.autoconfigure.web.servlet.MockMvcPrintOnlyOnFailureTestExecutionListener, org.springframework.boot.test.autoconfigure.web.servlet.WebDriverTestExecutionListener, org.springframework.boot.test.mock.mockito.MockitoTestExecutionListener, org.springframework.boot.test.mock.mockito.ResetMocksTestExecutionListener, org.springframework.test.context.web.ServletTestExecutionListener, org.springframework.test.context.support.DirtiesContextBeforeModesTestExecutionListener, org.springframework.test.context.support.DependencyInjectionTestExecutionListener, org.springframework.test.context.support.DirtiesContextTestExecutionListener, org.springframework.test.context.transaction.TransactionalTestExecutionListener, org.springframework.test.context.jdbc.SqlScriptsTestExecutionListener]
22:28:15.816 [Test worker] INFO org.springframework.boot.test.context.SpringBootTestContextBootstrapper - Using TestExecutionListeners: [org.springframework.test.context.web.ServletTestExecutionListener@15f5269, org.springframework.test.context.support.DirtiesContextBeforeModesTestExecutionListener@28065d70, org.springframework.boot.test.mock.mockito.MockitoTestExecutionListener@77d79e1, org.springframework.boot.test.autoconfigure.SpringBootDependencyInjectionTestExecutionListener@7489e633, org.springframework.test.context.support.DirtiesContextTestExecutionListener@fbe3ed1, org.springframework.test.context.transaction.TransactionalTestExecutionListener@15491f8b, org.springframework.test.context.jdbc.SqlScriptsTestExecutionListener@7917ceb2, org.springframework.security.test.context.support.WithSecurityContextTestExecutionListener@429407dd, org.springframework.security.test.context.support.ReactorContextTestExecutionListener@3ca2f1e8, org.springframework.boot.test.autoconfigure.restdocs.RestDocsTestExecutionListener@61ca04b0, org.springframework.boot.test.autoconfigure.web.client.MockRestServiceServerResetTestExecutionListener@266f2465, org.springframework.boot.test.autoconfigure.web.servlet.MockMvcPrintOnlyOnFailureTestExecutionListener@4427659a, org.springframework.boot.test.autoconfigure.web.servlet.WebDriverTestExecutionListener@6f21e147, org.springframework.boot.test.mock.mockito.ResetMocksTestExecutionListener@5e7f9797]
22:28:15.819 [Test worker] DEBUG org.springframework.test.annotation.ProfileValueUtils - Retrieved @ProfileValueSourceConfiguration [null] for test class [com.youknow.book.springboot.web.PostsApiControllerTest]
22:28:15.820 [Test worker] DEBUG org.springframework.test.annotation.ProfileValueUtils - Retrieved ProfileValueSource type [class org.springframework.test.annotation.SystemProfileValueSource] for class [com.youknow.book.springboot.web.PostsApiControllerTest]
22:28:15.824 [Test worker] DEBUG org.springframework.test.annotation.ProfileValueUtils - Retrieved @ProfileValueSourceConfiguration [null] for test class [com.youknow.book.springboot.web.PostsApiControllerTest]
22:28:15.824 [Test worker] DEBUG org.springframework.test.annotation.ProfileValueUtils - Retrieved ProfileValueSource type [class org.springframework.test.annotation.SystemProfileValueSource] for class [com.youknow.book.springboot.web.PostsApiControllerTest]
22:28:15.825 [Test worker] DEBUG org.springframework.test.annotation.ProfileValueUtils - Retrieved @ProfileValueSourceConfiguration [null] for test class [com.youknow.book.springboot.web.PostsApiControllerTest]
22:28:15.825 [Test worker] DEBUG org.springframework.test.annotation.ProfileValueUtils - Retrieved ProfileValueSource type [class org.springframework.test.annotation.SystemProfileValueSource] for class [com.youknow.book.springboot.web.PostsApiControllerTest]
22:28:15.831 [Test worker] DEBUG org.springframework.test.context.support.AbstractDirtiesContextTestExecutionListener - Before test class: context [DefaultTestContext@58e34d0e testClass = PostsApiControllerTest, testInstance = [null], testMethod = [null], testException = [null], mergedContextConfiguration = [WebMergedContextConfiguration@7eb4a28 testClass = PostsApiControllerTest, locations = '{}', classes = '{class com.youknow.book.springboot.Application}', contextInitializerClasses = '[]', activeProfiles = '{}', propertySourceLocations = '{}', propertySourceProperties = '{org.springframework.boot.test.context.SpringBootTestContextBootstrapper=true, server.port=0}', contextCustomizers = set[org.springframework.boot.test.autoconfigure.properties.PropertyMappingContextCustomizer@0, org.springframework.boot.test.autoconfigure.web.servlet.WebDriverContextCustomizerFactory$Customizer@11f66dbc, org.springframework.boot.test.context.filter.ExcludeFilterContextCustomizer@2cb76606, org.springframework.boot.test.json.DuplicateJsonObjectContextCustomizerFactory$DuplicateJsonObjectContextCustomizer@1a4897b0, org.springframework.boot.test.mock.mockito.MockitoContextCustomizer@0, org.springframework.boot.test.web.client.TestRestTemplateContextCustomizer@3857abe1], resourceBasePath = 'src/main/webapp', contextLoader = 'org.springframework.boot.test.context.SpringBootContextLoader', parent = [null]], attributes = map['org.springframework.test.context.web.ServletTestExecutionListener.activateListener' -> false]], class annotated with @DirtiesContext [false] with mode [null].
22:28:15.832 [Test worker] DEBUG org.springframework.test.annotation.ProfileValueUtils - Retrieved @ProfileValueSourceConfiguration [null] for test class [com.youknow.book.springboot.web.PostsApiControllerTest]
22:28:15.832 [Test worker] DEBUG org.springframework.test.annotation.ProfileValueUtils - Retrieved ProfileValueSource type [class org.springframework.test.annotation.SystemProfileValueSource] for class [com.youknow.book.springboot.web.PostsApiControllerTest]
22:28:15.838 [Test worker] DEBUG org.springframework.test.context.support.DependencyInjectionTestExecutionListener - Performing dependency injection for test context [[DefaultTestContext@58e34d0e testClass = PostsApiControllerTest, testInstance = com.youknow.book.springboot.web.PostsApiControllerTest@19740be3, testMethod = [null], testException = [null], mergedContextConfiguration = [WebMergedContextConfiguration@7eb4a28 testClass = PostsApiControllerTest, locations = '{}', classes = '{class com.youknow.book.springboot.Application}', contextInitializerClasses = '[]', activeProfiles = '{}', propertySourceLocations = '{}', propertySourceProperties = '{org.springframework.boot.test.context.SpringBootTestContextBootstrapper=true, server.port=0}', contextCustomizers = set[org.springframework.boot.test.autoconfigure.properties.PropertyMappingContextCustomizer@0, org.springframework.boot.test.autoconfigure.web.servlet.WebDriverContextCustomizerFactory$Customizer@11f66dbc, org.springframework.boot.test.context.filter.ExcludeFilterContextCustomizer@2cb76606, org.springframework.boot.test.json.DuplicateJsonObjectContextCustomizerFactory$DuplicateJsonObjectContextCustomizer@1a4897b0, org.springframework.boot.test.mock.mockito.MockitoContextCustomizer@0, org.springframework.boot.test.web.client.TestRestTemplateContextCustomizer@3857abe1], resourceBasePath = 'src/main/webapp', contextLoader = 'org.springframework.boot.test.context.SpringBootContextLoader', parent = [null]], attributes = map['org.springframework.test.context.web.ServletTestExecutionListener.activateListener' -> false]]].
22:28:15.869 [Test worker] DEBUG org.springframework.test.context.support.TestPropertySourceUtils - Adding inlined properties to environment: {spring.jmx.enabled=false, org.springframework.boot.test.context.SpringBootTestContextBootstrapper=true, server.port=0}

  .   ____          _            __ _ _
 /\\ / ___'_ __ _ _(_)_ __  __ _ \ \ \ \
( ( )\___ | '_ | '_| | '_ \/ _` | \ \ \ \
 \\/  ___)| |_)| | | | | || (_| |  ) ) ) )
  '  |____| .__|_| |_|_| |_\__, | / / / /
 =========|_|==============|___/=/_/_/_/
 :: Spring Boot ::        (v2.1.7.RELEASE)

2020-05-24 22:28:16.303  INFO 26728 --- [    Test worker] c.y.b.s.web.PostsApiControllerTest       : Starting PostsApiControllerTest on DESKTOP-563957V with PID 26728 (started by dbflw in C:\Users\dbflw\IdeaProjects\freelec-springboot2-webservice)
2020-05-24 22:28:16.305  INFO 26728 --- [    Test worker] c.y.b.s.web.PostsApiControllerTest       : No active profile set, falling back to default profiles: default
2020-05-24 22:28:17.298  INFO 26728 --- [    Test worker] .s.d.r.c.RepositoryConfigurationDelegate : Bootstrapping Spring Data repositories in DEFAULT mode.
2020-05-24 22:28:17.418  INFO 26728 --- [    Test worker] .s.d.r.c.RepositoryConfigurationDelegate : Finished Spring Data repository scanning in 109ms. Found 2 repository interfaces.
2020-05-24 22:28:17.997  INFO 26728 --- [    Test worker] trationDelegate$BeanPostProcessorChecker : Bean 'org.springframework.transaction.annotation.ProxyTransactionManagementConfiguration' of type [org.springframework.transaction.annotation.ProxyTransactionManagementConfiguration$$EnhancerBySpringCGLIB$$2dbc598a] is not eligible for getting processed by all BeanPostProcessors (for example: not eligible for auto-proxying)
2020-05-24 22:28:18.521  INFO 26728 --- [    Test worker] o.s.b.w.embedded.tomcat.TomcatWebServer  : Tomcat initialized with port(s): 0 (http)
2020-05-24 22:28:18.551  INFO 26728 --- [    Test worker] o.apache.catalina.core.StandardService   : Starting service [Tomcat]
2020-05-24 22:28:18.551  INFO 26728 --- [    Test worker] org.apache.catalina.core.StandardEngine  : Starting Servlet engine: [Apache Tomcat/9.0.22]
2020-05-24 22:28:18.754  INFO 26728 --- [    Test worker] o.a.c.c.C.[Tomcat].[localhost].[/]       : Initializing Spring embedded WebApplicationContext
2020-05-24 22:28:18.754  INFO 26728 --- [    Test worker] o.s.web.context.ContextLoader            : Root WebApplicationContext: initialization completed in 2403 ms
2020-05-24 22:28:19.134  INFO 26728 --- [    Test worker] com.zaxxer.hikari.HikariDataSource       : HikariPool-1 - Starting...
2020-05-24 22:28:19.391  INFO 26728 --- [    Test worker] com.zaxxer.hikari.HikariDataSource       : HikariPool-1 - Start completed.
2020-05-24 22:28:19.533  INFO 26728 --- [    Test worker] o.hibernate.jpa.internal.util.LogHelper  : HHH000204: Processing PersistenceUnitInfo [
	name: default
	...]
2020-05-24 22:28:19.675  INFO 26728 --- [    Test worker] org.hibernate.Version                    : HHH000412: Hibernate Core {5.3.10.Final}
2020-05-24 22:28:19.680  INFO 26728 --- [    Test worker] org.hibernate.cfg.Environment            : HHH000206: hibernate.properties not found
2020-05-24 22:28:19.948  INFO 26728 --- [    Test worker] o.hibernate.annotations.common.Version   : HCANN000001: Hibernate Commons Annotations {5.0.4.Final}
2020-05-24 22:28:20.205  INFO 26728 --- [    Test worker] org.hibernate.dialect.Dialect            : HHH000400: Using dialect: org.hibernate.dialect.MySQL5InnoDBDialect
Hibernate: drop table if exists posts
Hibernate: drop table if exists user
Hibernate: create table posts (id bigint not null auto_increment, create_date datetime, modified_date datetime, author varchar(255), content TEXT not null, title varchar(500) not null, primary key (id)) engine=InnoDB
Hibernate: create table user (id bigint not null auto_increment, create_date datetime, modified_date datetime, email varchar(255) not null, name varchar(255) not null, picture varchar(255), role varchar(255) not null, primary key (id)) engine=InnoDB
2020-05-24 22:28:21.239  INFO 26728 --- [    Test worker] o.h.t.schema.internal.SchemaCreatorImpl  : HHH000476: Executing import script 'org.hibernate.tool.schema.internal.exec.ScriptSourceInputNonExistentImpl@f0fa88b'
2020-05-24 22:28:21.244  INFO 26728 --- [    Test worker] j.LocalContainerEntityManagerFactoryBean : Initialized JPA EntityManagerFactory for persistence unit 'default'
2020-05-24 22:28:22.263  INFO 26728 --- [    Test worker] o.h.h.i.QueryTranslatorFactoryInitiator  : HHH000397: Using ASTQueryTranslatorFactory
2020-05-24 22:28:22.882  INFO 26728 --- [    Test worker] o.s.s.web.DefaultSecurityFilterChain     : Creating filter chain: any request, [org.springframework.security.web.context.request.async.WebAsyncManagerIntegrationFilter@5a9b6806, org.springframework.security.web.context.SecurityContextPersistenceFilter@1b015c46, org.springframework.security.web.header.HeaderWriterFilter@1f630197, org.springframework.security.web.authentication.logout.LogoutFilter@5300205, org.springframework.security.oauth2.client.web.OAuth2AuthorizationRequestRedirectFilter@4d79860a, org.springframework.security.oauth2.client.web.OAuth2LoginAuthenticationFilter@6ad9e58b, org.springframework.security.web.authentication.ui.DefaultLoginPageGeneratingFilter@eb790dc, org.springframework.security.web.authentication.ui.DefaultLogoutPageGeneratingFilter@123ad0a6, org.springframework.security.web.savedrequest.RequestCacheAwareFilter@748b89ad, org.springframework.security.web.servletapi.SecurityContextHolderAwareRequestFilter@6c5523cf, org.springframework.security.web.authentication.AnonymousAuthenticationFilter@6345877f, org.springframework.security.web.session.SessionManagementFilter@12148dc0, org.springframework.security.web.access.ExceptionTranslationFilter@6db68192, org.springframework.security.web.access.intercept.FilterSecurityInterceptor@4f5466b1]
2020-05-24 22:28:23.344  INFO 26728 --- [    Test worker] o.s.s.concurrent.ThreadPoolTaskExecutor  : Initializing ExecutorService 'applicationTaskExecutor'
2020-05-24 22:28:23.420  WARN 26728 --- [    Test worker] aWebConfiguration$JpaWebMvcConfiguration : spring.jpa.open-in-view is enabled by default. Therefore, database queries may be performed during view rendering. Explicitly configure spring.jpa.open-in-view to disable this warning
2020-05-24 22:28:23.486  INFO 26728 --- [    Test worker] o.s.b.a.w.s.WelcomePageHandlerMapping    : Adding welcome page template: index
2020-05-24 22:28:24.024  INFO 26728 --- [    Test worker] s.a.ScheduledAnnotationBeanPostProcessor : No TaskScheduler/ScheduledExecutorService bean found for scheduled processing
2020-05-24 22:28:24.056  INFO 26728 --- [    Test worker] o.s.b.w.embedded.tomcat.TomcatWebServer  : Tomcat started on port(s): 50708 (http) with context path ''
2020-05-24 22:28:24.058  INFO 26728 --- [    Test worker] c.y.b.s.web.PostsApiControllerTest       : Started PostsApiControllerTest in 8.186 seconds (JVM running for 10.041)
2020-05-24 22:28:24.176  INFO 26728 --- [    Test worker] o.a.c.c.C.[Tomcat].[localhost].[/]       : Initializing Spring TestDispatcherServlet ''
2020-05-24 22:28:24.176  INFO 26728 --- [    Test worker] o.s.t.web.servlet.TestDispatcherServlet  : Initializing Servlet ''
2020-05-24 22:28:24.196  INFO 26728 --- [    Test worker] o.s.t.web.servlet.TestDispatcherServlet  : Completed initialization in 20 ms
Hibernate: insert into posts (create_date, modified_date, author, content, title) values (?, ?, ?, ?, ?)
Hibernate: select posts0_.id as id1_0_0_, posts0_.create_date as create_d2_0_0_, posts0_.modified_date as modified3_0_0_, posts0_.author as author4_0_0_, posts0_.content as content5_0_0_, posts0_.title as title6_0_0_ from posts posts0_ where posts0_.id=?
Hibernate: update posts set create_date=?, modified_date=?, author=?, content=?, title=? where id=?
Hibernate: select posts0_.id as id1_0_, posts0_.create_date as create_d2_0_, posts0_.modified_date as modified3_0_, posts0_.author as author4_0_, posts0_.content as content5_0_, posts0_.title as title6_0_ from posts posts0_
Hibernate: select posts0_.id as id1_0_, posts0_.create_date as create_d2_0_, posts0_.modified_date as modified3_0_, posts0_.author as author4_0_, posts0_.content as content5_0_, posts0_.title as title6_0_ from posts posts0_
Hibernate: delete from posts where id=?
]]></system-out>
  <system-err><![CDATA[]]></system-err>
</testsuite>
